Using pre-set license
Built from '2020.3/staging' branch; Version is '2020.3.25f1 (9b9180224418) revision 10195328'; Using compiler version '192528614'; Build Type 'Release'
OS: 'Windows 10  (10.0.19044) 64bit Education' Language: 'ko' Physical Memory: 16313 MB
BatchMode: 1, IsHumanControllingUs: 0, StartBugReporterOnCrash: 0, Is64bit: 1, IsPro: 0

COMMAND LINE ARGUMENTS:
C:\Program Files\Unity\Hub\Editor\2020.3.25f1\Editor\Unity.exe
-adb2
-batchMode
-noUpm
-name
AssetImportWorker0
-projectPath
C:/Users/win98/Documents/GitHub/First-Game-Project/First Game Project
-logFile
Logs/AssetImportWorker0.log
-srvPort
61759
Successfully changed project path to: C:/Users/win98/Documents/GitHub/First-Game-Project/First Game Project
C:/Users/win98/Documents/GitHub/First-Game-Project/First Game Project
Using Asset Import Pipeline V2.
Refreshing native plugins compatible for Editor in 39.29 ms, found 2 plugins.
Preloading 0 native plugins for Editor in 0.00 ms.
Initialize engine version: 2020.3.25f1 (9b9180224418)
[Subsystems] Discovering subsystems at path C:/Program Files/Unity/Hub/Editor/2020.3.25f1/Editor/Data/Resources/UnitySubsystems
[Subsystems] Discovering subsystems at path C:/Users/win98/Documents/GitHub/First-Game-Project/First Game Project/Assets
GfxDevice: creating device client; threaded=0
Direct3D:
    Version:  Direct3D 11.0 [level 11.1]
    Renderer: NVIDIA GeForce GTX 1660 SUPER (ID=0x21c4)
    Vendor:   
    VRAM:     5991 MB
    Driver:   27.21.14.5671
Initialize mono
Mono path[0] = 'C:/Program Files/Unity/Hub/Editor/2020.3.25f1/Editor/Data/Managed'
Mono path[1] = 'C:/Program Files/Unity/Hub/Editor/2020.3.25f1/Editor/Data/MonoBleedingEdge/lib/mono/unityjit'
Mono config path = 'C:/Program Files/Unity/Hub/Editor/2020.3.25f1/Editor/Data/MonoBleedingEdge/etc'
Using monoOptions --debugger-agent=transport=dt_socket,embedding=1,server=y,suspend=n,address=127.0.0.1:56704
Begin MonoManager ReloadAssembly
Registering precompiled unity dll's ...
Register platform support module: C:/Program Files/Unity/Hub/Editor/2020.3.25f1/Editor/Data/PlaybackEngines/WindowsStandaloneSupport/UnityEditor.WindowsStandalone.Extensions.dll
Registered in 0.002014 seconds.
Native extension for WindowsStandalone target not found
Refreshing native plugins compatible for Editor in 34.71 ms, found 2 plugins.
Preloading 0 native plugins for Editor in 0.00 ms.
Mono: successfully reloaded assembly
- Completed reload, in  0.501 seconds
Domain Reload Profiling:
	ReloadAssembly (502ms)
		BeginReloadAssembly (49ms)
			ExecutionOrderSort (0ms)
			DisableScriptedObjects (0ms)
			BackupInstance (0ms)
			ReleaseScriptingObjects (0ms)
			CreateAndSetChildDomain (1ms)
		EndReloadAssembly (385ms)
			LoadAssemblies (46ms)
			RebuildTransferFunctionScriptingTraits (0ms)
			SetupTypeCache (129ms)
			ReleaseScriptCaches (0ms)
			RebuildScriptCaches (26ms)
			SetupLoadedEditorAssemblies (142ms)
				LogAssemblyErrors (0ms)
				InitializePlatformSupportModulesInManaged (4ms)
				SetLoadedEditorAssemblies (0ms)
				RefreshPlugins (35ms)
				BeforeProcessingInitializeOnLoad (11ms)
				ProcessInitializeOnLoadAttributes (68ms)
				ProcessInitializeOnLoadMethodAttributes (23ms)
				AfterProcessingInitializeOnLoad (0ms)
				EditorAssembliesLoaded (0ms)
			ExecutionOrderSort2 (0ms)
			AwakeInstancesAfterBackupRestoration (0ms)
Platform modules already initialized, skipping
Registering precompiled user dll's ...
Registered in 0.005132 seconds.
Begin MonoManager ReloadAssembly
Native extension for WindowsStandalone target not found
Refreshing native plugins compatible for Editor in 37.30 ms, found 2 plugins.
Preloading 0 native plugins for Editor in 0.00 ms.
Mono: successfully reloaded assembly
- Completed reload, in  0.947 seconds
Domain Reload Profiling:
	ReloadAssembly (948ms)
		BeginReloadAssembly (127ms)
			ExecutionOrderSort (0ms)
			DisableScriptedObjects (4ms)
			BackupInstance (0ms)
			ReleaseScriptingObjects (0ms)
			CreateAndSetChildDomain (16ms)
		EndReloadAssembly (761ms)
			LoadAssemblies (79ms)
			RebuildTransferFunctionScriptingTraits (0ms)
			SetupTypeCache (260ms)
			ReleaseScriptCaches (0ms)
			RebuildScriptCaches (37ms)
			SetupLoadedEditorAssemblies (278ms)
				LogAssemblyErrors (0ms)
				InitializePlatformSupportModulesInManaged (3ms)
				SetLoadedEditorAssemblies (0ms)
				RefreshPlugins (37ms)
				BeforeProcessingInitializeOnLoad (63ms)
				ProcessInitializeOnLoadAttributes (156ms)
				ProcessInitializeOnLoadMethodAttributes (10ms)
				AfterProcessingInitializeOnLoad (7ms)
				EditorAssembliesLoaded (0ms)
			ExecutionOrderSort2 (0ms)
			AwakeInstancesAfterBackupRestoration (5ms)
Platform modules already initialized, skipping
========================================================================
Worker process is ready to serve import requests
Launched and connected shader compiler UnityShaderCompiler.exe after 0.04 seconds
Refreshing native plugins compatible for Editor in 0.51 ms, found 2 plugins.
Preloading 0 native plugins for Editor in 0.00 ms.
Unloading 1765 Unused Serialized files (Serialized files now loaded: 0)
System memory in use before: 78.3 MB.
System memory in use after: 78.4 MB.

Unloading 32 unused Assets to reduce memory usage. Loaded Objects now: 2185.
Total: 2.689600 ms (FindLiveObjects: 0.150300 ms CreateObjectMapping: 0.042800 ms MarkObjects: 2.435100 ms  DeleteObjects: 0.060400 ms)

AssetImportParameters requested are different than current active one (requested -> active):
  custom:framework-win-MediaFoundation: 216162199b28c13a410421893ffa2e32 -> 
  custom:video-decoder-ogg-theora: a1e56fd34408186e4bbccfd4996cb3dc -> 
  custom:container-muxer-webm: aa71ff27fc2769a1b78a27578f13a17b -> 
  custom:container-demuxer-webm: 4f35f7cbe854078d1ac9338744f61a02 -> 
  custom:container-demuxer-ogg: 62fdf1f143b41e24485cea50d1cbac27 -> 
  custom:video-encoder-webm-vp8: eb34c28f22e8b96e1ab97ce403110664 -> 
  custom:video-decoder-webm-vp8: 9c59270c3fd7afecdb556c50c9e8de78 -> 
  custom:audio-decoder-ogg-vorbis: bf7c407c2cedff20999df2af8eb42d56 -> 
  custom:audio-encoder-webm-vorbis: bf7c407c2cedff20999df2af8eb42d56 -> 
========================================================================
Received Import Request.
  path: Assets/FreeButtonSet/background.png
  artifactKey: Guid(a093780a76b8e8c4c8b121e123d21a82) Importer(815301076,1909f56bfc062723c751e8b465ee728b)
Start importing Assets/FreeButtonSet/background.png using Guid(a093780a76b8e8c4c8b121e123d21a82) Importer(815301076,1909f56bfc062723c751e8b465ee728b)  -> (artifact id: 'd5b25c22cd5adf566ab7c764146f4855') in 0.086827 seconds 
  Import took 0.089436 seconds .

========================================================================
Received Import Request.
  Time since last request: 116.388124 seconds.
  path: Assets/FreeButtonSet/Fonts
  artifactKey: Guid(2dfc05083f06ebb45b2445a5f1dc41b5) Importer(815301076,1909f56bfc062723c751e8b465ee728b)
Start importing Assets/FreeButtonSet/Fonts using Guid(2dfc05083f06ebb45b2445a5f1dc41b5) Importer(815301076,1909f56bfc062723c751e8b465ee728b)  -> (artifact id: '8612e165faceacb8595ef249a2b9be58') in 0.006996 seconds 
  Import took 0.009763 seconds .

========================================================================
Received Import Request.
  Time since last request: 0.062351 seconds.
  path: Assets/FreeButtonSet/Fonts/Poppins-Bold.ttf
  artifactKey: Guid(f4c99a340a6e6504aa6e992b7a253612) Importer(815301076,1909f56bfc062723c751e8b465ee728b)
Start importing Assets/FreeButtonSet/Fonts/Poppins-Bold.ttf using Guid(f4c99a340a6e6504aa6e992b7a253612) Importer(815301076,1909f56bfc062723c751e8b465ee728b)  -> (artifact id: '14d533e0040bf4ee4bd8199e9a6428fe') in 0.040471 seconds 
  Import took 0.043260 seconds .

========================================================================
Received Import Request.
  Time since last request: 0.000137 seconds.
  path: Assets/FreeButtonSet/Fonts/Poppins-MediumItalic.ttf
  artifactKey: Guid(d1fe0bc1ac9782f4c8f875e1a7cea6d7) Importer(815301076,1909f56bfc062723c751e8b465ee728b)
Start importing Assets/FreeButtonSet/Fonts/Poppins-MediumItalic.ttf using Guid(d1fe0bc1ac9782f4c8f875e1a7cea6d7) Importer(815301076,1909f56bfc062723c751e8b465ee728b)  -> (artifact id: 'b694da8c088caa5db103295efee9f7c1') in 0.028730 seconds 
  Import took 0.031060 seconds .

========================================================================
Received Import Request.
  Time since last request: 60.338018 seconds.
  path: Assets/Materials
  artifactKey: Guid(c4b597d8dd1ebdf4994d3fa7ef2ea86b) Importer(815301076,1909f56bfc062723c751e8b465ee728b)
Start importing Assets/Materials using Guid(c4b597d8dd1ebdf4994d3fa7ef2ea86b) Importer(815301076,1909f56bfc062723c751e8b465ee728b)  -> (artifact id: 'e146c827d3ab101337fdda65bf5cf20f') in 0.007768 seconds 
  Import took 0.010462 seconds .

========================================================================
Received Import Request.
  Time since last request: 0.317891 seconds.
  path: Assets/FreeButtonSet
  artifactKey: Guid(4c861738d2165ae4cbf757668bbe3007) Importer(815301076,1909f56bfc062723c751e8b465ee728b)
Start importing Assets/FreeButtonSet using Guid(4c861738d2165ae4cbf757668bbe3007) Importer(815301076,1909f56bfc062723c751e8b465ee728b)  -> (artifact id: 'e5cd0607ae89be23307f05f3285e3c06') in 0.007257 seconds 
  Import took 0.009860 seconds .

========================================================================
Received Import Request.
  Time since last request: 0.869229 seconds.
  path: Assets/FreeButtonSet/Scenes
  artifactKey: Guid(98be6b037f328b8438b72e7ffb1ee8cd) Importer(815301076,1909f56bfc062723c751e8b465ee728b)
Start importing Assets/FreeButtonSet/Scenes using Guid(98be6b037f328b8438b72e7ffb1ee8cd) Importer(815301076,1909f56bfc062723c751e8b465ee728b)  -> (artifact id: 'f9f52bc46c153ae628432f7e7bf3d1d7') in 0.006912 seconds 
  Import took 0.009749 seconds .

========================================================================
Received Import Request.
  Time since last request: 2.328575 seconds.
  path: Assets/FreeButtonSet/Textures
  artifactKey: Guid(01430914042f894489285ea62a14b761) Importer(815301076,1909f56bfc062723c751e8b465ee728b)
Start importing Assets/FreeButtonSet/Textures using Guid(01430914042f894489285ea62a14b761) Importer(815301076,1909f56bfc062723c751e8b465ee728b)  -> (artifact id: 'dc54fab401aa76d551ae49309d3c6e63') in 0.007132 seconds 
  Import took 0.009994 seconds .

========================================================================
Received Import Request.
  Time since last request: 1.004890 seconds.
  path: Assets/FreeButtonSet/Textures/buttons
  artifactKey: Guid(b0edb74aa1bc1bb468ece3102f026e61) Importer(815301076,1909f56bfc062723c751e8b465ee728b)
Start importing Assets/FreeButtonSet/Textures/buttons using Guid(b0edb74aa1bc1bb468ece3102f026e61) Importer(815301076,1909f56bfc062723c751e8b465ee728b)  -> (artifact id: 'b579426b8795c354862df558186718a5') in 0.006982 seconds 
  Import took 0.009957 seconds .

========================================================================
Received Import Request.
  Time since last request: 0.297241 seconds.
  path: Assets/FreeButtonSet/Textures/controls
  artifactKey: Guid(3b742833a60b6f945bb6f9390dd51677) Importer(815301076,1909f56bfc062723c751e8b465ee728b)
Start importing Assets/FreeButtonSet/Textures/controls using Guid(3b742833a60b6f945bb6f9390dd51677) Importer(815301076,1909f56bfc062723c751e8b465ee728b)  -> (artifact id: '528b79687e379191c96f4cb8dd6ebf73') in 0.006617 seconds 
  Import took 0.009296 seconds .

========================================================================
Received Import Request.
  Time since last request: 0.358337 seconds.
  path: Assets/FreeButtonSet/Textures/icons
  artifactKey: Guid(e98f256333208ad448195894c25efd6b) Importer(815301076,1909f56bfc062723c751e8b465ee728b)
Start importing Assets/FreeButtonSet/Textures/icons using Guid(e98f256333208ad448195894c25efd6b) Importer(815301076,1909f56bfc062723c751e8b465ee728b)  -> (artifact id: '808385d694fe3e369659bc5ad81b505e') in 0.005640 seconds 
  Import took 0.008880 seconds .

========================================================================
Received Import Request.
  Time since last request: 2.392724 seconds.
  path: Assets/FreeButtonSet/Textures/icons/256x256
  artifactKey: Guid(13f9659e51a2cf649968c96c521afd3f) Importer(815301076,1909f56bfc062723c751e8b465ee728b)
Start importing Assets/FreeButtonSet/Textures/icons/256x256 using Guid(13f9659e51a2cf649968c96c521afd3f) Importer(815301076,1909f56bfc062723c751e8b465ee728b)  -> (artifact id: '2b5839d80ff08cbc4646a3592fd56f61') in 0.005729 seconds 
  Import took 0.008551 seconds .

========================================================================
Received Import Request.
  Time since last request: 0.535411 seconds.
  path: Assets/FreeButtonSet/Textures/icons/256x256/arrow_down.png
  artifactKey: Guid(8e23a03b070b02343ae289c317c04cb8) Importer(815301076,1909f56bfc062723c751e8b465ee728b)
Start importing Assets/FreeButtonSet/Textures/icons/256x256/arrow_down.png using Guid(8e23a03b070b02343ae289c317c04cb8) Importer(815301076,1909f56bfc062723c751e8b465ee728b)  -> (artifact id: '2da9720dd7319b24dcd5f3b63ac015b2') in 0.022686 seconds 
  Import took 0.025476 seconds .

========================================================================
Received Import Request.
  Time since last request: 0.000139 seconds.
  path: Assets/FreeButtonSet/Textures/icons/256x256/plus.png
  artifactKey: Guid(aeb77d0c2986cd448a51409c56ad0aff) Importer(815301076,1909f56bfc062723c751e8b465ee728b)
Start importing Assets/FreeButtonSet/Textures/icons/256x256/plus.png using Guid(aeb77d0c2986cd448a51409c56ad0aff) Importer(815301076,1909f56bfc062723c751e8b465ee728b)  -> (artifact id: '2a2b9d9876e1d90089b9b7ff3e54b95f') in 0.026598 seconds 
  Import took 0.028891 seconds .

========================================================================
Received Import Request.
  Time since last request: 0.000131 seconds.
  path: Assets/FreeButtonSet/Textures/icons/256x256/speaker.png
  artifactKey: Guid(139c4181e893555468a02df6e9fa5a76) Importer(815301076,1909f56bfc062723c751e8b465ee728b)
Start importing Assets/FreeButtonSet/Textures/icons/256x256/speaker.png using Guid(139c4181e893555468a02df6e9fa5a76) Importer(815301076,1909f56bfc062723c751e8b465ee728b)  -> (artifact id: 'b6ca605ae9360aecb38d6b724783f2a7') in 0.012672 seconds 
  Import took 0.014947 seconds .

========================================================================
Received Import Request.
  Time since last request: 0.000129 seconds.
  path: Assets/FreeButtonSet/Textures/icons/256x256/help.png
  artifactKey: Guid(a1d9cb3eb505c114d8fa17fcbaeb157c) Importer(815301076,1909f56bfc062723c751e8b465ee728b)
Start importing Assets/FreeButtonSet/Textures/icons/256x256/help.png using Guid(a1d9cb3eb505c114d8fa17fcbaeb157c) Importer(815301076,1909f56bfc062723c751e8b465ee728b)  -> (artifact id: '0a3eeeddae5b7474750f51c480dc2e9c') in 0.012061 seconds 
  Import took 0.014530 seconds .

========================================================================
Received Import Request.
  Time since last request: 0.000131 seconds.
  path: Assets/FreeButtonSet/Textures/icons/256x256/message.png
  artifactKey: Guid(d86ebf4784f9d664eaa8c05a23b31f64) Importer(815301076,1909f56bfc062723c751e8b465ee728b)
Start importing Assets/FreeButtonSet/Textures/icons/256x256/message.png using Guid(d86ebf4784f9d664eaa8c05a23b31f64) Importer(815301076,1909f56bfc062723c751e8b465ee728b)  -> (artifact id: '5c6e34a6bd2d28909113d7eabb85cc6a') in 0.011711 seconds 
  Import took 0.014271 seconds .

========================================================================
Received Import Request.
  Time since last request: 0.000122 seconds.
  path: Assets/FreeButtonSet/Textures/icons/256x256/x.png
  artifactKey: Guid(e839e6693c344ad40a5952853a891866) Importer(815301076,1909f56bfc062723c751e8b465ee728b)
Start importing Assets/FreeButtonSet/Textures/icons/256x256/x.png using Guid(e839e6693c344ad40a5952853a891866) Importer(815301076,1909f56bfc062723c751e8b465ee728b)  -> (artifact id: '0684a8ca861727b454ad9ec75b0c249c') in 0.011376 seconds 
  Import took 0.013694 seconds .

========================================================================
Received Import Request.
  Time since last request: 0.000131 seconds.
  path: Assets/FreeButtonSet/Textures/icons/256x256/menu.png
  artifactKey: Guid(508b7276e5631294ab35b053b5a7775c) Importer(815301076,1909f56bfc062723c751e8b465ee728b)
Start importing Assets/FreeButtonSet/Textures/icons/256x256/menu.png using Guid(508b7276e5631294ab35b053b5a7775c) Importer(815301076,1909f56bfc062723c751e8b465ee728b)  -> (artifact id: '7050c38daae57323364e73fbd4ad8ddf') in 0.012088 seconds 
  Import took 0.014831 seconds .

========================================================================
Received Import Request.
  Time since last request: 0.000160 seconds.
  path: Assets/FreeButtonSet/Textures/icons/256x256/minus.png
  artifactKey: Guid(6d3df38cd65ff494387432fd56427bde) Importer(815301076,1909f56bfc062723c751e8b465ee728b)
Start importing Assets/FreeButtonSet/Textures/icons/256x256/minus.png using Guid(6d3df38cd65ff494387432fd56427bde) Importer(815301076,1909f56bfc062723c751e8b465ee728b)  -> (artifact id: 'ec1fa87f806710a8a16c016840e6c498') in 0.015298 seconds 
  Import took 0.017949 seconds .

========================================================================
Received Import Request.
  Time since last request: 0.000174 seconds.
  path: Assets/FreeButtonSet/Textures/icons/256x256/checkmark.png
  artifactKey: Guid(9cd6991b040b7fb40808e500b041d545) Importer(815301076,1909f56bfc062723c751e8b465ee728b)
Start importing Assets/FreeButtonSet/Textures/icons/256x256/checkmark.png using Guid(9cd6991b040b7fb40808e500b041d545) Importer(815301076,1909f56bfc062723c751e8b465ee728b)  -> (artifact id: '95a53f6e6b72558e2d701b521e693395') in 0.012289 seconds 
  Import took 0.015203 seconds .

========================================================================
Received Import Request.
  Time since last request: 0.000146 seconds.
  path: Assets/FreeButtonSet/Textures/icons/256x256/arrow_left.png
  artifactKey: Guid(98d20fe739e52024d8acf8e32bf24b1c) Importer(815301076,1909f56bfc062723c751e8b465ee728b)
Start importing Assets/FreeButtonSet/Textures/icons/256x256/arrow_left.png using Guid(98d20fe739e52024d8acf8e32bf24b1c) Importer(815301076,1909f56bfc062723c751e8b465ee728b)  -> (artifact id: '91d0aae105766ee4f4aa753daa0cb1b2') in 0.014180 seconds 
  Import took 0.017174 seconds .

========================================================================
Received Import Request.
  Time since last request: 0.000162 seconds.
  path: Assets/FreeButtonSet/Textures/icons/256x256/settings.png
  artifactKey: Guid(29cd5fa083a9a4d448c49c770629f19e) Importer(815301076,1909f56bfc062723c751e8b465ee728b)
Start importing Assets/FreeButtonSet/Textures/icons/256x256/settings.png using Guid(29cd5fa083a9a4d448c49c770629f19e) Importer(815301076,1909f56bfc062723c751e8b465ee728b)  -> (artifact id: '6612d7a99891398848692fab10612ab3') in 0.013804 seconds 
  Import took 0.016636 seconds .

========================================================================
Received Import Request.
  Time since last request: 0.000140 seconds.
  path: Assets/FreeButtonSet/Textures/icons/256x256/pause.png
  artifactKey: Guid(39af0f365e48844429e5e9144564e40a) Importer(815301076,1909f56bfc062723c751e8b465ee728b)
Start importing Assets/FreeButtonSet/Textures/icons/256x256/pause.png using Guid(39af0f365e48844429e5e9144564e40a) Importer(815301076,1909f56bfc062723c751e8b465ee728b)  -> (artifact id: '502b801f6e5f35cfe14574f506428fa8') in 0.011426 seconds 
  Import took 0.013901 seconds .

========================================================================
Received Import Request.
  Time since last request: 0.000194 seconds.
  path: Assets/FreeButtonSet/Textures/icons/256x256/star.png
  artifactKey: Guid(b6a757f6793cb0148a905bea74154284) Importer(815301076,1909f56bfc062723c751e8b465ee728b)
Start importing Assets/FreeButtonSet/Textures/icons/256x256/star.png using Guid(b6a757f6793cb0148a905bea74154284) Importer(815301076,1909f56bfc062723c751e8b465ee728b)  -> (artifact id: '81c37bc39c1fe343b037e589fa5f5841') in 0.012332 seconds 
  Import took 0.014833 seconds .

========================================================================
Received Import Request.
  Time since last request: 0.000128 seconds.
  path: Assets/FreeButtonSet/Textures/icons/256x256/arrow_up.png
  artifactKey: Guid(a1e642ac4188cf544b455c79870d43f6) Importer(815301076,1909f56bfc062723c751e8b465ee728b)
Start importing Assets/FreeButtonSet/Textures/icons/256x256/arrow_up.png using Guid(a1e642ac4188cf544b455c79870d43f6) Importer(815301076,1909f56bfc062723c751e8b465ee728b)  -> (artifact id: '11b7fd7452f6a9f7cf4a6435c42934be') in 0.011255 seconds 
  Import took 0.013641 seconds .

========================================================================
Received Import Request.
  Time since last request: 0.000140 seconds.
  path: Assets/FreeButtonSet/Textures/icons/256x256/info.png
  artifactKey: Guid(c3262ee5be33f7e4c8056e8e20b6bdfb) Importer(815301076,1909f56bfc062723c751e8b465ee728b)
Start importing Assets/FreeButtonSet/Textures/icons/256x256/info.png using Guid(c3262ee5be33f7e4c8056e8e20b6bdfb) Importer(815301076,1909f56bfc062723c751e8b465ee728b)  -> (artifact id: 'bd3df224913f33d305e70a57d429c44c') in 0.011456 seconds 
  Import took 0.013777 seconds .

========================================================================
Received Import Request.
  Time since last request: 0.000127 seconds.
  path: Assets/FreeButtonSet/Textures/icons/256x256/repeat.png
  artifactKey: Guid(477e16ce3d75d124c8bd76f95fa08730) Importer(815301076,1909f56bfc062723c751e8b465ee728b)
Start importing Assets/FreeButtonSet/Textures/icons/256x256/repeat.png using Guid(477e16ce3d75d124c8bd76f95fa08730) Importer(815301076,1909f56bfc062723c751e8b465ee728b)  -> (artifact id: '50fc5f9b96f5cf00ad14ca86ee5027c8') in 0.011855 seconds 
  Import took 0.014150 seconds .

========================================================================
Received Import Request.
  Time since last request: 0.000140 seconds.
  path: Assets/FreeButtonSet/Textures/icons/256x256/user.png
  artifactKey: Guid(c78d369807d13294aa60a37e1092dc6e) Importer(815301076,1909f56bfc062723c751e8b465ee728b)
Start importing Assets/FreeButtonSet/Textures/icons/256x256/user.png using Guid(c78d369807d13294aa60a37e1092dc6e) Importer(815301076,1909f56bfc062723c751e8b465ee728b)  -> (artifact id: 'c6478a246afe4ce7a5737be2d597dcc8') in 0.011626 seconds 
  Import took 0.014385 seconds .

========================================================================
Received Import Request.
  Time since last request: 0.000153 seconds.
  path: Assets/FreeButtonSet/Textures/icons/256x256/arrow_right.png
  artifactKey: Guid(841ae3188ba4d9746ba4f4ed86597a98) Importer(815301076,1909f56bfc062723c751e8b465ee728b)
Start importing Assets/FreeButtonSet/Textures/icons/256x256/arrow_right.png using Guid(841ae3188ba4d9746ba4f4ed86597a98) Importer(815301076,1909f56bfc062723c751e8b465ee728b)  -> (artifact id: '30f0d4699b5d786926e8a2959f5b7b3f') in 0.011247 seconds 
  Import took 0.013838 seconds .

========================================================================
Received Import Request.
  Time since last request: 0.000154 seconds.
  path: Assets/FreeButtonSet/Textures/icons/256x256/play.png
  artifactKey: Guid(c398922a20f2f984db55718ac2c394f5) Importer(815301076,1909f56bfc062723c751e8b465ee728b)
Start importing Assets/FreeButtonSet/Textures/icons/256x256/play.png using Guid(c398922a20f2f984db55718ac2c394f5) Importer(815301076,1909f56bfc062723c751e8b465ee728b)  -> (artifact id: '84e6b57193d2eeb01b8378fdf0c7f8ed') in 0.010790 seconds 
  Import took 0.013242 seconds .

========================================================================
Received Import Request.
  Time since last request: 0.000133 seconds.
  path: Assets/FreeButtonSet/Textures/icons/256x256/share.png
  artifactKey: Guid(f241ab6632e1cb04698e1686dcdb8981) Importer(815301076,1909f56bfc062723c751e8b465ee728b)
Start importing Assets/FreeButtonSet/Textures/icons/256x256/share.png using Guid(f241ab6632e1cb04698e1686dcdb8981) Importer(815301076,1909f56bfc062723c751e8b465ee728b)  -> (artifact id: 'd811da4c8f19db4e477a977382a81ba1') in 0.011803 seconds 
  Import took 0.014483 seconds .

========================================================================
Received Import Request.
  Time since last request: 0.000132 seconds.
  path: Assets/FreeButtonSet/Textures/icons/256x256/heart.png
  artifactKey: Guid(1f9a4714dfc315d48b8e91e5453067ae) Importer(815301076,1909f56bfc062723c751e8b465ee728b)
Start importing Assets/FreeButtonSet/Textures/icons/256x256/heart.png using Guid(1f9a4714dfc315d48b8e91e5453067ae) Importer(815301076,1909f56bfc062723c751e8b465ee728b)  -> (artifact id: 'f4d47b820113cddea522959187716049') in 0.011458 seconds 
  Import took 0.013959 seconds .

========================================================================
Received Import Request.
  Time since last request: 113.245374 seconds.
  path: Assets/FreeButtonSet/Textures/controls/cross.png
  artifactKey: Guid(23ada367fb6f84049a2caff0e27e729d) Importer(815301076,1909f56bfc062723c751e8b465ee728b)
Start importing Assets/FreeButtonSet/Textures/controls/cross.png using Guid(23ada367fb6f84049a2caff0e27e729d) Importer(815301076,1909f56bfc062723c751e8b465ee728b)  -> (artifact id: 'c94fb402b76b5f70ab11151a6e12895b') in 0.012885 seconds 
  Import took 0.015572 seconds .

========================================================================
Received Import Request.
  Time since last request: 0.000169 seconds.
  path: Assets/FreeButtonSet/Textures/controls/universal_panel_10.png
  artifactKey: Guid(3973caf801ba6864d98890213e90590b) Importer(815301076,1909f56bfc062723c751e8b465ee728b)
Start importing Assets/FreeButtonSet/Textures/controls/universal_panel_10.png using Guid(3973caf801ba6864d98890213e90590b) Importer(815301076,1909f56bfc062723c751e8b465ee728b)  -> (artifact id: 'd00ad5e4e66686e8ae4f531fd5152a56') in 0.012582 seconds 
  Import took 0.015082 seconds .

========================================================================
Received Import Request.
  Time since last request: 0.000152 seconds.
  path: Assets/FreeButtonSet/Textures/controls/slider_handle.png
  artifactKey: Guid(7bb453e60457740498a4615f241fd210) Importer(815301076,1909f56bfc062723c751e8b465ee728b)
Start importing Assets/FreeButtonSet/Textures/controls/slider_handle.png using Guid(7bb453e60457740498a4615f241fd210) Importer(815301076,1909f56bfc062723c751e8b465ee728b)  -> (artifact id: '204a5f41a425a391667bf9d17b9fd6ef') in 0.011799 seconds 
  Import took 0.014255 seconds .

========================================================================
Received Import Request.
  Time since last request: 0.000158 seconds.
  path: Assets/FreeButtonSet/Textures/controls/toggle_bg_200.png
  artifactKey: Guid(c8dec52db7cb0f148b53038d975761ea) Importer(815301076,1909f56bfc062723c751e8b465ee728b)
Start importing Assets/FreeButtonSet/Textures/controls/toggle_bg_200.png using Guid(c8dec52db7cb0f148b53038d975761ea) Importer(815301076,1909f56bfc062723c751e8b465ee728b)  -> (artifact id: 'fef9af829908b80116afe53066a3845a') in 0.013263 seconds 
  Import took 0.015758 seconds .

========================================================================
Received Import Request.
  Time since last request: 0.000135 seconds.
  path: Assets/FreeButtonSet/Textures/controls/cross_02.png
  artifactKey: Guid(3e07fb988be0211469ff5f55f7e8f111) Importer(815301076,1909f56bfc062723c751e8b465ee728b)
Start importing Assets/FreeButtonSet/Textures/controls/cross_02.png using Guid(3e07fb988be0211469ff5f55f7e8f111) Importer(815301076,1909f56bfc062723c751e8b465ee728b)  -> (artifact id: '161484c5d2625b1206e3516bcbc22815') in 0.012221 seconds 
  Import took 0.014824 seconds .

========================================================================
Received Import Request.
  Time since last request: 0.000184 seconds.
  path: Assets/FreeButtonSet/Textures/controls/universal_panel_40.png
  artifactKey: Guid(8174901dff2facb4583e976f866ae424) Importer(815301076,1909f56bfc062723c751e8b465ee728b)
Start importing Assets/FreeButtonSet/Textures/controls/universal_panel_40.png using Guid(8174901dff2facb4583e976f866ae424) Importer(815301076,1909f56bfc062723c751e8b465ee728b)  -> (artifact id: 'c238b500c5f0d24348c3eb76496458ab') in 0.010659 seconds 
  Import took 0.013019 seconds .

========================================================================
Received Import Request.
  Time since last request: 0.000143 seconds.
  path: Assets/FreeButtonSet/Textures/controls/cross_04.png
  artifactKey: Guid(0b723a187b246ad44ad90b0600b1e98e) Importer(815301076,1909f56bfc062723c751e8b465ee728b)
Start importing Assets/FreeButtonSet/Textures/controls/cross_04.png using Guid(0b723a187b246ad44ad90b0600b1e98e) Importer(815301076,1909f56bfc062723c751e8b465ee728b)  -> (artifact id: 'fbedb9d943c1f9d84ea0b61301c4e2e4') in 0.013161 seconds 
  Import took 0.015551 seconds .

========================================================================
Received Import Request.
  Time since last request: 0.000152 seconds.
  path: Assets/FreeButtonSet/Textures/controls/radio_100.png
  artifactKey: Guid(6dc228d444644bf4aaa19d2692169a6f) Importer(815301076,1909f56bfc062723c751e8b465ee728b)
Start importing Assets/FreeButtonSet/Textures/controls/radio_100.png using Guid(6dc228d444644bf4aaa19d2692169a6f) Importer(815301076,1909f56bfc062723c751e8b465ee728b)  -> (artifact id: '382d1f702b8bbbc399dc36a2ce26a83c') in 0.012404 seconds 
  Import took 0.014736 seconds .

========================================================================
Received Import Request.
  Time since last request: 0.000135 seconds.
  path: Assets/FreeButtonSet/Textures/controls/toggle_bg_100.png
  artifactKey: Guid(aab425c33cbffa54f9b628133d2720b1) Importer(815301076,1909f56bfc062723c751e8b465ee728b)
Start importing Assets/FreeButtonSet/Textures/controls/toggle_bg_100.png using Guid(aab425c33cbffa54f9b628133d2720b1) Importer(815301076,1909f56bfc062723c751e8b465ee728b)  -> (artifact id: 'e12810ac4f556d4ebf2c8b5248e1fd06') in 0.012348 seconds 
  Import took 0.014642 seconds .

========================================================================
Received Import Request.
  Time since last request: 0.000130 seconds.
  path: Assets/FreeButtonSet/Textures/controls/radio_60.png
  artifactKey: Guid(15c761738c04fb84f94247a1a932296d) Importer(815301076,1909f56bfc062723c751e8b465ee728b)
Start importing Assets/FreeButtonSet/Textures/controls/radio_60.png using Guid(15c761738c04fb84f94247a1a932296d) Importer(815301076,1909f56bfc062723c751e8b465ee728b)  -> (artifact id: 'a5ea94cc0fdeed3c279fbf6cac8903f8') in 0.012763 seconds 
  Import took 0.015075 seconds .

========================================================================
Received Import Request.
  Time since last request: 0.000140 seconds.
  path: Assets/FreeButtonSet/Textures/controls/radio.png
  artifactKey: Guid(86e22cb95296c5a4c8def60eb36ea233) Importer(815301076,1909f56bfc062723c751e8b465ee728b)
Start importing Assets/FreeButtonSet/Textures/controls/radio.png using Guid(86e22cb95296c5a4c8def60eb36ea233) Importer(815301076,1909f56bfc062723c751e8b465ee728b)  -> (artifact id: '9c7f8946b67688bbfa9065acb5519fbb') in 0.011875 seconds 
  Import took 0.014290 seconds .

========================================================================
Received Import Request.
  Time since last request: 0.000149 seconds.
  path: Assets/FreeButtonSet/Textures/controls/cross_03.png
  artifactKey: Guid(30d0c1f6e89bd9a4cb44dc43c24aab8c) Importer(815301076,1909f56bfc062723c751e8b465ee728b)
Start importing Assets/FreeButtonSet/Textures/controls/cross_03.png using Guid(30d0c1f6e89bd9a4cb44dc43c24aab8c) Importer(815301076,1909f56bfc062723c751e8b465ee728b)  -> (artifact id: '15ff6bc0ef8822cb4d928346fe14facd') in 0.011513 seconds 
  Import took 0.014028 seconds .

========================================================================
Received Import Request.
  Time since last request: 0.000132 seconds.
  path: Assets/FreeButtonSet/Textures/controls/radio_200.png
  artifactKey: Guid(6a4c582ed02cf4e40954a044796d37ac) Importer(815301076,1909f56bfc062723c751e8b465ee728b)
Start importing Assets/FreeButtonSet/Textures/controls/radio_200.png using Guid(6a4c582ed02cf4e40954a044796d37ac) Importer(815301076,1909f56bfc062723c751e8b465ee728b)  -> (artifact id: '554ed4c0412f8736790bfe81ad9e85de') in 0.011924 seconds 
  Import took 0.014264 seconds .

========================================================================
Received Import Request.
  Time since last request: 0.000146 seconds.
  path: Assets/FreeButtonSet/Textures/controls/universal_panel_20.png
  artifactKey: Guid(953de0a59c3f3c7498ecb7496a450d69) Importer(815301076,1909f56bfc062723c751e8b465ee728b)
Start importing Assets/FreeButtonSet/Textures/controls/universal_panel_20.png using Guid(953de0a59c3f3c7498ecb7496a450d69) Importer(815301076,1909f56bfc062723c751e8b465ee728b)  -> (artifact id: 'cd474d945260c0343c2622bb5363e0b1') in 0.012341 seconds 
  Import took 0.015019 seconds .

========================================================================
Received Import Request.
  Time since last request: 0.000153 seconds.
  path: Assets/FreeButtonSet/Textures/controls/toggle_bg_50.png
  artifactKey: Guid(bd38c9e672875e046aaf4d5369356d63) Importer(815301076,1909f56bfc062723c751e8b465ee728b)
Start importing Assets/FreeButtonSet/Textures/controls/toggle_bg_50.png using Guid(bd38c9e672875e046aaf4d5369356d63) Importer(815301076,1909f56bfc062723c751e8b465ee728b)  -> (artifact id: 'b251fdaba1ee5c7496dae862ce93f3e1') in 0.010658 seconds 
  Import took 0.013274 seconds .

========================================================================
Received Import Request.
  Time since last request: 122.942668 seconds.
  path: Assets/FreeButtonSet/Textures/buttons/button_100.png
  artifactKey: Guid(47eaa4f43430bf14f996b113a313b0cc) Importer(815301076,1909f56bfc062723c751e8b465ee728b)
Start importing Assets/FreeButtonSet/Textures/buttons/button_100.png using Guid(47eaa4f43430bf14f996b113a313b0cc) Importer(815301076,1909f56bfc062723c751e8b465ee728b)  -> (artifact id: '5015d56e95b65e36f7c6c32d9256e61a') in 0.013709 seconds 
  Import took 0.016394 seconds .

========================================================================
Received Import Request.
  Time since last request: 0.000145 seconds.
  path: Assets/FreeButtonSet/Textures/buttons/button_200.png
  artifactKey: Guid(c5674c6305843a046beddbb645e3259c) Importer(815301076,1909f56bfc062723c751e8b465ee728b)
Start importing Assets/FreeButtonSet/Textures/buttons/button_200.png using Guid(c5674c6305843a046beddbb645e3259c) Importer(815301076,1909f56bfc062723c751e8b465ee728b)  -> (artifact id: 'b8cca5f61c35ddfe72e245edb880125f') in 0.011867 seconds 
  Import took 0.014296 seconds .

========================================================================
Received Import Request.
  Time since last request: 0.000139 seconds.
  path: Assets/FreeButtonSet/Textures/buttons/button_round_320.png
  artifactKey: Guid(ed53cef80c26e89409c8c93941be088c) Importer(815301076,1909f56bfc062723c751e8b465ee728b)
Start importing Assets/FreeButtonSet/Textures/buttons/button_round_320.png using Guid(ed53cef80c26e89409c8c93941be088c) Importer(815301076,1909f56bfc062723c751e8b465ee728b)  -> (artifact id: '6cb9f1175b50fcee4049cb2cebb63dee') in 0.014309 seconds 
  Import took 0.016751 seconds .

========================================================================
Received Import Request.
  Time since last request: 0.000183 seconds.
  path: Assets/FreeButtonSet/Textures/buttons/button_150.png
  artifactKey: Guid(cbb5f8f07e6166b4b9b2180a807d81de) Importer(815301076,1909f56bfc062723c751e8b465ee728b)
Start importing Assets/FreeButtonSet/Textures/buttons/button_150.png using Guid(cbb5f8f07e6166b4b9b2180a807d81de) Importer(815301076,1909f56bfc062723c751e8b465ee728b)  -> (artifact id: '0d6fbb2706c0118e32f0b850f4fbc114') in 0.015097 seconds 
  Import took 0.017516 seconds .

========================================================================
Received Import Request.
  Time since last request: 0.000218 seconds.
  path: Assets/FreeButtonSet/Textures/buttons/button_round_220.png
  artifactKey: Guid(9e8274c61673b8a458365832576005b4) Importer(815301076,1909f56bfc062723c751e8b465ee728b)
Start importing Assets/FreeButtonSet/Textures/buttons/button_round_220.png using Guid(9e8274c61673b8a458365832576005b4) Importer(815301076,1909f56bfc062723c751e8b465ee728b)  -> (artifact id: '60ecf5844255a0ec639bcb87d4e96980') in 0.017615 seconds 
  Import took 0.019939 seconds .

========================================================================
Received Import Request.
  Time since last request: 0.000138 seconds.
  path: Assets/FreeButtonSet/Textures/buttons/button_round_400.png
  artifactKey: Guid(60c4dbe9e87500a4480a6214bdc5cc87) Importer(815301076,1909f56bfc062723c751e8b465ee728b)
Start importing Assets/FreeButtonSet/Textures/buttons/button_round_400.png using Guid(60c4dbe9e87500a4480a6214bdc5cc87) Importer(815301076,1909f56bfc062723c751e8b465ee728b)  -> (artifact id: '7d629d6985ad645a03886e20a246fdce') in 0.017044 seconds 
  Import took 0.019335 seconds .

========================================================================
Received Import Request.
  Time since last request: 0.000129 seconds.
  path: Assets/FreeButtonSet/Textures/buttons/button_round_130.png
  artifactKey: Guid(0dcdf5b7debd4ba4492217e4975c965e) Importer(815301076,1909f56bfc062723c751e8b465ee728b)
Start importing Assets/FreeButtonSet/Textures/buttons/button_round_130.png using Guid(0dcdf5b7debd4ba4492217e4975c965e) Importer(815301076,1909f56bfc062723c751e8b465ee728b)  -> (artifact id: '771d737223800dcb4dfde166cb754fa0') in 0.014734 seconds 
  Import took 0.017024 seconds .

========================================================================
Received Import Request.
  Time since last request: 7.755017 seconds.
  path: Assets/FreeButtonSet/Textures/icons/32x32
  artifactKey: Guid(b8e47262f9f19e943a739a680fc9b2cf) Importer(815301076,1909f56bfc062723c751e8b465ee728b)
Start importing Assets/FreeButtonSet/Textures/icons/32x32 using Guid(b8e47262f9f19e943a739a680fc9b2cf) Importer(815301076,1909f56bfc062723c751e8b465ee728b)  -> (artifact id: '257a9a7a3e7664a882046e643cd4774b') in 0.005529 seconds 
  Import took 0.008450 seconds .

========================================================================
Received Import Request.
  Time since last request: 0.626910 seconds.
  path: Assets/FreeButtonSet/Textures/icons/128x128
  artifactKey: Guid(210d51586277b6e4c879d1e8d43cfa53) Importer(815301076,1909f56bfc062723c751e8b465ee728b)
Start importing Assets/FreeButtonSet/Textures/icons/128x128 using Guid(210d51586277b6e4c879d1e8d43cfa53) Importer(815301076,1909f56bfc062723c751e8b465ee728b)  -> (artifact id: '7181b00934a6f76e9a074e6df7855521') in 0.005868 seconds 
  Import took 0.008641 seconds .

========================================================================
Received Import Request.
  Time since last request: 0.728129 seconds.
  path: Assets/FreeButtonSet/Textures/icons/128x128/arrow_down.png
  artifactKey: Guid(e968566a79d16394f97ee27c34c6ac78) Importer(815301076,1909f56bfc062723c751e8b465ee728b)
Start importing Assets/FreeButtonSet/Textures/icons/128x128/arrow_down.png using Guid(e968566a79d16394f97ee27c34c6ac78) Importer(815301076,1909f56bfc062723c751e8b465ee728b)  -> (artifact id: '078a0238ca14e30a484c059ce2dfb81b') in 0.015305 seconds 
  Import took 0.017968 seconds .

========================================================================
Received Import Request.
  Time since last request: 0.000171 seconds.
  path: Assets/FreeButtonSet/Textures/icons/128x128/pause.png
  artifactKey: Guid(b148167244e305a42b332c5e3103a0f3) Importer(815301076,1909f56bfc062723c751e8b465ee728b)
Start importing Assets/FreeButtonSet/Textures/icons/128x128/pause.png using Guid(b148167244e305a42b332c5e3103a0f3) Importer(815301076,1909f56bfc062723c751e8b465ee728b)  -> (artifact id: '5e0dbbe77ce923959c8f9000f904e168') in 0.015342 seconds 
  Import took 0.017632 seconds .

========================================================================
Received Import Request.
  Time since last request: 0.000143 seconds.
  path: Assets/FreeButtonSet/Textures/icons/128x128/settings.png
  artifactKey: Guid(19b2b02a9feef8b4fa2f431692a804b5) Importer(815301076,1909f56bfc062723c751e8b465ee728b)
Start importing Assets/FreeButtonSet/Textures/icons/128x128/settings.png using Guid(19b2b02a9feef8b4fa2f431692a804b5) Importer(815301076,1909f56bfc062723c751e8b465ee728b)  -> (artifact id: '0f10328569c688d98d74d4cc6e953410') in 0.024714 seconds 
  Import took 0.027013 seconds .

========================================================================
Received Import Request.
  Time since last request: 0.000162 seconds.
  path: Assets/FreeButtonSet/Textures/icons/128x128/info.png
  artifactKey: Guid(ff8b06e19a717d14d9ff2546436de761) Importer(815301076,1909f56bfc062723c751e8b465ee728b)
Start importing Assets/FreeButtonSet/Textures/icons/128x128/info.png using Guid(ff8b06e19a717d14d9ff2546436de761) Importer(815301076,1909f56bfc062723c751e8b465ee728b)  -> (artifact id: '8ef2110f9d775986bfa594306772eedb') in 0.034040 seconds 
  Import took 0.036383 seconds .

========================================================================
Received Import Request.
  Time since last request: 0.000146 seconds.
  path: Assets/FreeButtonSet/Textures/icons/128x128/repeat.png
  artifactKey: Guid(0ac274da743a5ab49a17c782a85c7f2d) Importer(815301076,1909f56bfc062723c751e8b465ee728b)
Start importing Assets/FreeButtonSet/Textures/icons/128x128/repeat.png using Guid(0ac274da743a5ab49a17c782a85c7f2d) Importer(815301076,1909f56bfc062723c751e8b465ee728b)  -> (artifact id: 'daed4b6af6e95a22636156bff2698146') in 0.017582 seconds 
  Import took 0.020059 seconds .

========================================================================
Received Import Request.
  Time since last request: 0.000182 seconds.
  path: Assets/FreeButtonSet/Textures/icons/128x128/arrow_up.png
  artifactKey: Guid(9e197a1515abdbc4b91281eee95e8b33) Importer(815301076,1909f56bfc062723c751e8b465ee728b)
Start importing Assets/FreeButtonSet/Textures/icons/128x128/arrow_up.png using Guid(9e197a1515abdbc4b91281eee95e8b33) Importer(815301076,1909f56bfc062723c751e8b465ee728b)  -> (artifact id: 'd866077e86638fa645b6a404efcdb8a3') in 0.030420 seconds 
  Import took 0.033184 seconds .

========================================================================
Received Import Request.
  Time since last request: 0.000141 seconds.
  path: Assets/FreeButtonSet/Textures/icons/128x128/message.png
  artifactKey: Guid(bddaa0bb0da741940878ee1c42248a60) Importer(815301076,1909f56bfc062723c751e8b465ee728b)
Start importing Assets/FreeButtonSet/Textures/icons/128x128/message.png using Guid(bddaa0bb0da741940878ee1c42248a60) Importer(815301076,1909f56bfc062723c751e8b465ee728b)  -> (artifact id: '30c2158897de17c246db5dd01939df34') in 0.022457 seconds 
  Import took 0.024741 seconds .

========================================================================
Received Import Request.
  Time since last request: 0.000140 seconds.
  path: Assets/FreeButtonSet/Textures/icons/128x128/arrow_left.png
  artifactKey: Guid(d31115fa9cb67004b96bc76f48802b9f) Importer(815301076,1909f56bfc062723c751e8b465ee728b)
Start importing Assets/FreeButtonSet/Textures/icons/128x128/arrow_left.png using Guid(d31115fa9cb67004b96bc76f48802b9f) Importer(815301076,1909f56bfc062723c751e8b465ee728b)  -> (artifact id: '1ab50999adf6c41d8a850a294e1c8bd4') in 0.030133 seconds 
  Import took 0.032502 seconds .

========================================================================
Received Import Request.
  Time since last request: 0.000175 seconds.
  path: Assets/FreeButtonSet/Textures/icons/128x128/minus.png
  artifactKey: Guid(120af17437d75844d8f6be3a85cdeb1c) Importer(815301076,1909f56bfc062723c751e8b465ee728b)
Start importing Assets/FreeButtonSet/Textures/icons/128x128/minus.png using Guid(120af17437d75844d8f6be3a85cdeb1c) Importer(815301076,1909f56bfc062723c751e8b465ee728b)  -> (artifact id: 'b8f0e727b67166ea284d3559877a65b7') in 0.029829 seconds 
  Import took 0.032191 seconds .

========================================================================
Received Import Request.
  Time since last request: 0.000140 seconds.
  path: Assets/FreeButtonSet/Textures/icons/128x128/star.png
  artifactKey: Guid(c45822dd0d148ae4c80084e497c39961) Importer(815301076,1909f56bfc062723c751e8b465ee728b)
Start importing Assets/FreeButtonSet/Textures/icons/128x128/star.png using Guid(c45822dd0d148ae4c80084e497c39961) Importer(815301076,1909f56bfc062723c751e8b465ee728b)  -> (artifact id: '627473b35fc7df40aecf2276dd1a39f0') in 0.026500 seconds 
  Import took 0.028813 seconds .

========================================================================
Received Import Request.
  Time since last request: 0.000145 seconds.
  path: Assets/FreeButtonSet/Textures/icons/128x128/heart.png
  artifactKey: Guid(6d9f5fb6855ea5f45abfe0b211851ed2) Importer(815301076,1909f56bfc062723c751e8b465ee728b)
Start importing Assets/FreeButtonSet/Textures/icons/128x128/heart.png using Guid(6d9f5fb6855ea5f45abfe0b211851ed2) Importer(815301076,1909f56bfc062723c751e8b465ee728b)  -> (artifact id: '511eb163001f4dea4e5f1b471dbd1a67') in 0.020345 seconds 
  Import took 0.022694 seconds .

========================================================================
Received Import Request.
  Time since last request: 0.000145 seconds.
  path: Assets/FreeButtonSet/Textures/icons/128x128/arrow_right.png
  artifactKey: Guid(01d7b388e7827ca45a56bd1b632ffde1) Importer(815301076,1909f56bfc062723c751e8b465ee728b)
Start importing Assets/FreeButtonSet/Textures/icons/128x128/arrow_right.png using Guid(01d7b388e7827ca45a56bd1b632ffde1) Importer(815301076,1909f56bfc062723c751e8b465ee728b)  -> (artifact id: '4b49ee7eeff68ccfcdcac218e39f31ef') in 0.010562 seconds 
  Import took 0.013019 seconds .

========================================================================
Received Import Request.
  Time since last request: 0.000193 seconds.
  path: Assets/FreeButtonSet/Textures/icons/128x128/x.png
  artifactKey: Guid(321dfcc1c12d7cf42b0037754b1cdf9b) Importer(815301076,1909f56bfc062723c751e8b465ee728b)
Start importing Assets/FreeButtonSet/Textures/icons/128x128/x.png using Guid(321dfcc1c12d7cf42b0037754b1cdf9b) Importer(815301076,1909f56bfc062723c751e8b465ee728b)  -> (artifact id: 'b5d40a5ca84439dc1c2d747075b925cf') in 0.010198 seconds 
  Import took 0.012993 seconds .

========================================================================
Received Import Request.
  Time since last request: 0.000175 seconds.
  path: Assets/FreeButtonSet/Textures/icons/128x128/speaker.png
  artifactKey: Guid(a8bf463d0bcbdd440b693618eccf4027) Importer(815301076,1909f56bfc062723c751e8b465ee728b)
Start importing Assets/FreeButtonSet/Textures/icons/128x128/speaker.png using Guid(a8bf463d0bcbdd440b693618eccf4027) Importer(815301076,1909f56bfc062723c751e8b465ee728b)  -> (artifact id: '94ee1f3cc0a1637f995ef323d48cc609') in 0.011833 seconds 
  Import took 0.014188 seconds .

========================================================================
Received Import Request.
  Time since last request: 0.000137 seconds.
  path: Assets/FreeButtonSet/Textures/icons/128x128/user.png
  artifactKey: Guid(3b902f226593c084fba20ed761508616) Importer(815301076,1909f56bfc062723c751e8b465ee728b)
Start importing Assets/FreeButtonSet/Textures/icons/128x128/user.png using Guid(3b902f226593c084fba20ed761508616) Importer(815301076,1909f56bfc062723c751e8b465ee728b)  -> (artifact id: 'a341e0a4c96be4c4dec1685f11c5019f') in 0.010223 seconds 
  Import took 0.012621 seconds .

========================================================================
Received Import Request.
  Time since last request: 0.000202 seconds.
  path: Assets/FreeButtonSet/Textures/icons/128x128/help.png
  artifactKey: Guid(ee454173d02e05a4f8c74cc6e92fa5ee) Importer(815301076,1909f56bfc062723c751e8b465ee728b)
Start importing Assets/FreeButtonSet/Textures/icons/128x128/help.png using Guid(ee454173d02e05a4f8c74cc6e92fa5ee) Importer(815301076,1909f56bfc062723c751e8b465ee728b)  -> (artifact id: 'e125bc87707c43210bd86b339e66ed54') in 0.010332 seconds 
  Import took 0.013446 seconds .

========================================================================
Received Import Request.
  Time since last request: 0.000152 seconds.
  path: Assets/FreeButtonSet/Textures/icons/128x128/plus.png
  artifactKey: Guid(c1d5c0c9c2ed348448cf389548c36f28) Importer(815301076,1909f56bfc062723c751e8b465ee728b)
Start importing Assets/FreeButtonSet/Textures/icons/128x128/plus.png using Guid(c1d5c0c9c2ed348448cf389548c36f28) Importer(815301076,1909f56bfc062723c751e8b465ee728b)  -> (artifact id: '5d9e9e1eb502482376bef9760ba31016') in 0.010762 seconds 
  Import took 0.013371 seconds .

========================================================================
Received Import Request.
  Time since last request: 0.000160 seconds.
  path: Assets/FreeButtonSet/Textures/icons/128x128/menu.png
  artifactKey: Guid(ec694ac45cee4c34a93f4caf3ab4f155) Importer(815301076,1909f56bfc062723c751e8b465ee728b)
Start importing Assets/FreeButtonSet/Textures/icons/128x128/menu.png using Guid(ec694ac45cee4c34a93f4caf3ab4f155) Importer(815301076,1909f56bfc062723c751e8b465ee728b)  -> (artifact id: 'ede74eedc070fc8ef9933c383978d04f') in 0.010903 seconds 
  Import took 0.013293 seconds .

========================================================================
Received Import Request.
  Time since last request: 0.000160 seconds.
  path: Assets/FreeButtonSet/Textures/icons/128x128/share.png
  artifactKey: Guid(0c3c788016f06db4fa4c39433fe3af6c) Importer(815301076,1909f56bfc062723c751e8b465ee728b)
Start importing Assets/FreeButtonSet/Textures/icons/128x128/share.png using Guid(0c3c788016f06db4fa4c39433fe3af6c) Importer(815301076,1909f56bfc062723c751e8b465ee728b)  -> (artifact id: '3ff60032ab033729f51ae03ae56dadba') in 0.009977 seconds 
  Import took 0.012732 seconds .

========================================================================
Received Import Request.
  Time since last request: 0.000160 seconds.
  path: Assets/FreeButtonSet/Textures/icons/128x128/play.png
  artifactKey: Guid(adf19f966e0379040bb823cbe5375f3f) Importer(815301076,1909f56bfc062723c751e8b465ee728b)
Start importing Assets/FreeButtonSet/Textures/icons/128x128/play.png using Guid(adf19f966e0379040bb823cbe5375f3f) Importer(815301076,1909f56bfc062723c751e8b465ee728b)  -> (artifact id: '6724a1fa29f2f0278f50c88d7e8e28c4') in 0.011076 seconds 
  Import took 0.013496 seconds .

========================================================================
Received Import Request.
  Time since last request: 0.000179 seconds.
  path: Assets/FreeButtonSet/Textures/icons/128x128/checkmark.png
  artifactKey: Guid(874b343cf51efe745b644be33893b09a) Importer(815301076,1909f56bfc062723c751e8b465ee728b)
Start importing Assets/FreeButtonSet/Textures/icons/128x128/checkmark.png using Guid(874b343cf51efe745b644be33893b09a) Importer(815301076,1909f56bfc062723c751e8b465ee728b)  -> (artifact id: 'ad46bd2f06924da426f63defb23595b4') in 0.011726 seconds 
  Import took 0.014694 seconds .

========================================================================
Received Import Request.
  Time since last request: 48.183831 seconds.
  path: Assets/TextMesh Pro/Examples & Extras/Resources/Fonts & Materials/Bangers SDF.asset
  artifactKey: Guid(125cb55b44b24c4393181402bc6200e6) Importer(815301076,1909f56bfc062723c751e8b465ee728b)
Start importing Assets/TextMesh Pro/Examples & Extras/Resources/Fonts & Materials/Bangers SDF.asset using Guid(125cb55b44b24c4393181402bc6200e6) Importer(815301076,1909f56bfc062723c751e8b465ee728b)  -> (artifact id: 'ef29c4ca34d686f87dc8e17cf43b25fd') in 0.058511 seconds 
  Import took 0.061452 seconds .

========================================================================
Received Import Request.
  Time since last request: 0.000155 seconds.
  path: Assets/TextMesh Pro/Examples & Extras/Resources/Fonts & Materials/Electronic Highway Sign SDF.asset
  artifactKey: Guid(dc36b3fdc14f47ebb36fd484a67e268a) Importer(815301076,1909f56bfc062723c751e8b465ee728b)
Start importing Assets/TextMesh Pro/Examples & Extras/Resources/Fonts & Materials/Electronic Highway Sign SDF.asset using Guid(dc36b3fdc14f47ebb36fd484a67e268a) Importer(815301076,1909f56bfc062723c751e8b465ee728b)  -> (artifact id: '429a83a5b0dab493fd2413297b30fdf1') in 0.018330 seconds 
  Import took 0.020777 seconds .

========================================================================
Received Import Request.
  Time since last request: 0.000168 seconds.
  path: Assets/TextMesh Pro/Resources/Fonts & Materials/LiberationSans SDF - Fallback.asset
  artifactKey: Guid(2e498d1c8094910479dc3e1b768306a4) Importer(815301076,1909f56bfc062723c751e8b465ee728b)
Start importing Assets/TextMesh Pro/Resources/Fonts & Materials/LiberationSans SDF - Fallback.asset using Guid(2e498d1c8094910479dc3e1b768306a4) Importer(815301076,1909f56bfc062723c751e8b465ee728b)  -> (artifact id: '73c4f4f2da4d2ab57d901e0f40ae3f2f') in 0.014113 seconds 
  Import took 0.017152 seconds .

========================================================================
Received Import Request.
  Time since last request: 0.000172 seconds.
  path: Assets/TextMesh Pro/Examples & Extras/Resources/Fonts & Materials/Roboto-Bold SDF.asset
  artifactKey: Guid(5302535af1044152a457ed104f1f4b91) Importer(815301076,1909f56bfc062723c751e8b465ee728b)
Start importing Assets/TextMesh Pro/Examples & Extras/Resources/Fonts & Materials/Roboto-Bold SDF.asset using Guid(5302535af1044152a457ed104f1f4b91) Importer(815301076,1909f56bfc062723c751e8b465ee728b)  -> (artifact id: '03c59274799776af5eee4dbb75b0aa5f') in 0.016587 seconds 
  Import took 0.019212 seconds .

========================================================================
Received Import Request.
  Time since last request: 0.000156 seconds.
  path: Assets/TextMesh Pro/Resources/Fonts & Materials/LiberationSans SDF.asset
  artifactKey: Guid(8f586378b4e144a9851e7b34d9b748ee) Importer(815301076,1909f56bfc062723c751e8b465ee728b)
Start importing Assets/TextMesh Pro/Resources/Fonts & Materials/LiberationSans SDF.asset using Guid(8f586378b4e144a9851e7b34d9b748ee) Importer(815301076,1909f56bfc062723c751e8b465ee728b)  -> (artifact id: 'f8b7c8c3e3c9a45adbdca63c88707d17') in 0.031400 seconds 
  Import took 0.034440 seconds .

========================================================================
Received Import Request.
  Time since last request: 0.000182 seconds.
  path: Assets/TextMesh Pro/Examples & Extras/Resources/Fonts & Materials/Oswald Bold SDF.asset
  artifactKey: Guid(0161d805a3764c089bef00bfe00793f5) Importer(815301076,1909f56bfc062723c751e8b465ee728b)
Start importing Assets/TextMesh Pro/Examples & Extras/Resources/Fonts & Materials/Oswald Bold SDF.asset using Guid(0161d805a3764c089bef00bfe00793f5) Importer(815301076,1909f56bfc062723c751e8b465ee728b)  -> (artifact id: '21c8220797489e345428130afb23452a') in 0.016939 seconds 
  Import took 0.019786 seconds .

========================================================================
Received Import Request.
  Time since last request: 1.553365 seconds.
  path: Assets/TextMesh Pro/Examples & Extras/Resources/Fonts & Materials/Anton SDF.asset
  artifactKey: Guid(8a89fa14b10d46a99122fd4f73fca9a2) Importer(815301076,1909f56bfc062723c751e8b465ee728b)
Start importing Assets/TextMesh Pro/Examples & Extras/Resources/Fonts & Materials/Anton SDF.asset using Guid(8a89fa14b10d46a99122fd4f73fca9a2) Importer(815301076,1909f56bfc062723c751e8b465ee728b)  -> (artifact id: '712cec39fbc2a66fb796f2f4fc1eaa72') in 0.017079 seconds 
  Import took 0.019892 seconds .

========================================================================
Received Prepare
Registering precompiled user dll's ...
Registered in 0.006198 seconds.
Begin MonoManager ReloadAssembly
Native extension for WindowsStandalone target not found
Refreshing native plugins compatible for Editor in 0.54 ms, found 2 plugins.
Preloading 0 native plugins for Editor in 0.00 ms.
Mono: successfully reloaded assembly
- Completed reload, in  0.834 seconds
Domain Reload Profiling:
	ReloadAssembly (834ms)
		BeginReloadAssembly (100ms)
			ExecutionOrderSort (0ms)
			DisableScriptedObjects (3ms)
			BackupInstance (0ms)
			ReleaseScriptingObjects (0ms)
			CreateAndSetChildDomain (29ms)
		EndReloadAssembly (677ms)
			LoadAssemblies (73ms)
			RebuildTransferFunctionScriptingTraits (0ms)
			SetupTypeCache (246ms)
			ReleaseScriptCaches (1ms)
			RebuildScriptCaches (33ms)
			SetupLoadedEditorAssemblies (239ms)
				LogAssemblyErrors (0ms)
				InitializePlatformSupportModulesInManaged (4ms)
				SetLoadedEditorAssemblies (0ms)
				RefreshPlugins (1ms)
				BeforeProcessingInitializeOnLoad (75ms)
				ProcessInitializeOnLoadAttributes (142ms)
				ProcessInitializeOnLoadMethodAttributes (10ms)
				AfterProcessingInitializeOnLoad (7ms)
				EditorAssembliesLoaded (0ms)
			ExecutionOrderSort2 (0ms)
			AwakeInstancesAfterBackupRestoration (5ms)
Platform modules already initialized, skipping
Refreshing native plugins compatible for Editor in 0.70 ms, found 2 plugins.
Preloading 0 native plugins for Editor in 0.00 ms.
Unloading 1746 Unused Serialized files (Serialized files now loaded: 0)
System memory in use before: 80.6 MB.
System memory in use after: 80.7 MB.

Unloading 27 unused Assets to reduce memory usage. Loaded Objects now: 2255.
Total: 2.638200 ms (FindLiveObjects: 0.152500 ms CreateObjectMapping: 0.043700 ms MarkObjects: 2.425700 ms  DeleteObjects: 0.015500 ms)

AssetImportParameters requested are different than current active one (requested -> active):
  custom:framework-win-MediaFoundation: 216162199b28c13a410421893ffa2e32 -> 
  custom:video-decoder-ogg-theora: a1e56fd34408186e4bbccfd4996cb3dc -> 
  custom:container-muxer-webm: aa71ff27fc2769a1b78a27578f13a17b -> 
  custom:container-demuxer-webm: 4f35f7cbe854078d1ac9338744f61a02 -> 
  custom:container-demuxer-ogg: 62fdf1f143b41e24485cea50d1cbac27 -> 
  custom:video-encoder-webm-vp8: eb34c28f22e8b96e1ab97ce403110664 -> 
  custom:video-decoder-webm-vp8: 9c59270c3fd7afecdb556c50c9e8de78 -> 
  custom:audio-decoder-ogg-vorbis: bf7c407c2cedff20999df2af8eb42d56 -> 
  custom:audio-encoder-webm-vorbis: bf7c407c2cedff20999df2af8eb42d56 -> 
========================================================================
Received Prepare
Registering precompiled user dll's ...
Registered in 0.006936 seconds.
Begin MonoManager ReloadAssembly
Native extension for WindowsStandalone target not found
Refreshing native plugins compatible for Editor in 0.60 ms, found 2 plugins.
Preloading 0 native plugins for Editor in 0.00 ms.
Mono: successfully reloaded assembly
- Completed reload, in  0.976 seconds
Domain Reload Profiling:
	ReloadAssembly (976ms)
		BeginReloadAssembly (120ms)
			ExecutionOrderSort (0ms)
			DisableScriptedObjects (4ms)
			BackupInstance (0ms)
			ReleaseScriptingObjects (0ms)
			CreateAndSetChildDomain (32ms)
		EndReloadAssembly (789ms)
			LoadAssemblies (85ms)
			RebuildTransferFunctionScriptingTraits (0ms)
			SetupTypeCache (278ms)
			ReleaseScriptCaches (1ms)
			RebuildScriptCaches (39ms)
			SetupLoadedEditorAssemblies (294ms)
				LogAssemblyErrors (0ms)
				InitializePlatformSupportModulesInManaged (4ms)
				SetLoadedEditorAssemblies (0ms)
				RefreshPlugins (1ms)
				BeforeProcessingInitializeOnLoad (88ms)
				ProcessInitializeOnLoadAttributes (179ms)
				ProcessInitializeOnLoadMethodAttributes (12ms)
				AfterProcessingInitializeOnLoad (9ms)
				EditorAssembliesLoaded (0ms)
			ExecutionOrderSort2 (0ms)
			AwakeInstancesAfterBackupRestoration (6ms)
Platform modules already initialized, skipping
Refreshing native plugins compatible for Editor in 0.62 ms, found 2 plugins.
Preloading 0 native plugins for Editor in 0.00 ms.
Unloading 1746 Unused Serialized files (Serialized files now loaded: 0)
System memory in use before: 80.6 MB.
System memory in use after: 80.7 MB.

Unloading 27 unused Assets to reduce memory usage. Loaded Objects now: 2257.
Total: 3.063300 ms (FindLiveObjects: 0.189800 ms CreateObjectMapping: 0.043700 ms MarkObjects: 2.806600 ms  DeleteObjects: 0.022100 ms)

AssetImportParameters requested are different than current active one (requested -> active):
  custom:framework-win-MediaFoundation: 216162199b28c13a410421893ffa2e32 -> 
  custom:video-decoder-ogg-theora: a1e56fd34408186e4bbccfd4996cb3dc -> 
  custom:container-muxer-webm: aa71ff27fc2769a1b78a27578f13a17b -> 
  custom:container-demuxer-webm: 4f35f7cbe854078d1ac9338744f61a02 -> 
  custom:container-demuxer-ogg: 62fdf1f143b41e24485cea50d1cbac27 -> 
  custom:video-encoder-webm-vp8: eb34c28f22e8b96e1ab97ce403110664 -> 
  custom:video-decoder-webm-vp8: 9c59270c3fd7afecdb556c50c9e8de78 -> 
  custom:audio-decoder-ogg-vorbis: bf7c407c2cedff20999df2af8eb42d56 -> 
  custom:audio-encoder-webm-vorbis: bf7c407c2cedff20999df2af8eb42d56 -> 
AssetImportWorkerClient::OnTransportError - code=2 error=End of file
